生成启动时间为 2016/12/16 22:13:17。
     1>项目“E:\语音系统+科大讯飞（源代码）\recordx\recordx.vcxproj”在节点 2 上(build 个目标)。
     1>InitializeBuildStatus:
         正在创建“Debug\recordx.unsuccessfulbuild”，因为已指定“AlwaysCreate”。
       ClCompile:
         所有输出均为最新。
         所有输出均为最新。
       ResourceCompile:
         所有输出均为最新。
       ManifestResourceCompile:
         所有输出均为最新。
       Link:
         所有输出均为最新。
       Manifest:
         C:\Program Files (x86)\Microsoft SDKs\Windows\v7.0A\bin\mt.exe /nologo /verbose /out:"Debug\recordx.exe.embed.manifest" /manifest Debug\recordx.exe.intermediate.manifest "C:\Program Files (x86)\Microsoft Visual Studio 10.0\VC\Include\Manifest\dpiaware.manifest"
         所有输出均为最新。
       FinalizeBuildStatus:
         正在删除文件“Debug\recordx.unsuccessfulbuild”。
         正在对“Debug\recordx.lastbuildstate”执行 Touch 任务。
     1>已完成生成项目“E:\语音系统+科大讯飞（源代码）\recordx\recordx.vcxproj”(build 个目标)的操作。

生成成功。

已用时间 00:00:00.15
