C:\USERS\ADMINISTRATOR\DESKTOP\RECORDX（1119）\DEBUG\RECORDX.EXE
C:\USERS\ADMINISTRATOR\DESKTOP\RECORDX（1119）\DEBUG\RECORDX.ILK
C:\USERS\ADMINISTRATOR\DESKTOP\RECORDX（1119）\DEBUG\RECORDX.PDB
C:\Users\Administrator\Desktop\recordx（1119）\recordx\Debug\cl.command.1.tlog
C:\Users\Administrator\Desktop\recordx（1119）\recordx\Debug\CL.read.1.tlog
C:\Users\Administrator\Desktop\recordx（1119）\recordx\Debug\CL.write.1.tlog
C:\Users\Administrator\Desktop\recordx（1119）\recordx\Debug\link.4144.read.1.tlog
C:\Users\Administrator\Desktop\recordx（1119）\recordx\Debug\link.4144.write.1.tlog
C:\Users\Administrator\Desktop\recordx（1119）\recordx\Debug\link.4144-cvtres.read.1.tlog
C:\Users\Administrator\Desktop\recordx（1119）\recordx\Debug\link.4144-cvtres.write.1.tlog
C:\Users\Administrator\Desktop\recordx（1119）\recordx\Debug\link.5252.read.1.tlog
C:\Users\Administrator\Desktop\recordx（1119）\recordx\Debug\link.5252.write.1.tlog
C:\Users\Administrator\Desktop\recordx（1119）\recordx\Debug\link.5252-cvtres.read.1.tlog
C:\Users\Administrator\Desktop\recordx（1119）\recordx\Debug\link.5252-cvtres.write.1.tlog
C:\Users\Administrator\Desktop\recordx（1119）\recordx\Debug\link.command.1.tlog
C:\Users\Administrator\Desktop\recordx（1119）\recordx\Debug\link.read.1.tlog
C:\Users\Administrator\Desktop\recordx（1119）\recordx\Debug\link.write.1.tlog
C:\Users\Administrator\Desktop\recordx（1119）\recordx\Debug\link-cvtres.read.1.tlog
C:\Users\Administrator\Desktop\recordx（1119）\recordx\Debug\link-cvtres.write.1.tlog
C:\Users\Administrator\Desktop\recordx（1119）\recordx\Debug\mt.command.1.tlog
C:\Users\Administrator\Desktop\recordx（1119）\recordx\Debug\mt.read.1.tlog
C:\Users\Administrator\Desktop\recordx（1119）\recordx\Debug\mt.write.1.tlog
C:\Users\Administrator\Desktop\recordx（1119）\recordx\Debug\rc.command.1.tlog
C:\Users\Administrator\Desktop\recordx（1119）\recordx\Debug\rc.read.1.tlog
C:\Users\Administrator\Desktop\recordx（1119）\recordx\Debug\rc.write.1.tlog
C:\USERS\ADMINISTRATOR\DESKTOP\RECORDX（1119）\RECORDX\DEBUG\RECORDX.EXE.EMBED.MANIFEST
C:\USERS\ADMINISTRATOR\DESKTOP\RECORDX（1119）\RECORDX\DEBUG\RECORDX.EXE.EMBED.MANIFEST.RES
C:\USERS\ADMINISTRATOR\DESKTOP\RECORDX（1119）\RECORDX\DEBUG\RECORDX.EXE.INTERMEDIATE.MANIFEST
C:\USERS\ADMINISTRATOR\DESKTOP\RECORDX（1119）\RECORDX\DEBUG\RECORDX.OBJ
C:\USERS\ADMINISTRATOR\DESKTOP\RECORDX（1119）\RECORDX\DEBUG\RECORDX.PCH
C:\USERS\ADMINISTRATOR\DESKTOP\RECORDX（1119）\RECORDX\DEBUG\RECORDX.RES
C:\Users\Administrator\Desktop\recordx（1119）\recordx\Debug\recordx_manifest.rc
C:\USERS\ADMINISTRATOR\DESKTOP\RECORDX（1119）\RECORDX\DEBUG\RECORDXDLG.OBJ
C:\USERS\ADMINISTRATOR\DESKTOP\RECORDX（1119）\RECORDX\DEBUG\STDAFX.OBJ
C:\Users\Administrator\Desktop\recordx（1119）\recordx\Debug\vc100.idb
C:\USERS\ADMINISTRATOR\DESKTOP\RECORDX（1119）\RECORDX\DEBUG\VC100.PDB
